<?xml version="1.0" encoding="UTF-8"?>
<!-- Generated by org.testng.reporters.JUnitReportReporter -->
<testsuite hostname="XP0061799" name="pages.boKeYuan" tests="2" failures="0" timestamp="5 Dec 2017 09:42:34 GMT" time="32.131" errors="0">
  <testcase name="testAdd" time="19.326" classname="pages.boKeYuan"/>
  <testcase name="testAdd" time="12.805" classname="pages.boKeYuan"/>
</testsuite> <selenium.boKeYuanTest -->
